<?xml version="1.0" encoding="UTF-8"?>
<testng-results ignored="0" total="1" passed="1" failed="0" skipped="0">
  <reporter-output>
  </reporter-output>
  <suite started-at="2022-03-24T16:16:59 IST" name="Suite" finished-at="2022-03-24T16:17:12 IST" duration-ms="12397">
    <groups>
    </groups>
    <test started-at="2022-03-24T16:16:59 IST" name="Test" finished-at="2022-03-24T16:17:12 IST" duration-ms="12397">
      <class name="mavenforjenkins.UITests">
        <test-method signature="startBrowser(java.lang.String)[pri:0, instance:mavenforjenkins.UITests@bccb269]" started-at="2022-03-24T16:16:59 IST" name="startBrowser" finished-at="2022-03-24T16:17:12 IST" duration-ms="12323" status="PASS">
          <params>
            <param index="0">
              <value>
                <![CDATA[chrome]]>
              </value>
            </param>
          </params>
          <reporter-output>
          </reporter-output>
        </test-method> <!-- startBrowser -->
      </class> <!-- mavenforjenkins.UITests -->
    </test> <!-- Test -->
  </suite> <!-- Suite -->
</testng-results>
