<?xml version="1.0" encoding="UTF-8"?>
<testng-results ignored="0" total="1" passed="1" failed="0" skipped="0">
  <reporter-output>
  </reporter-output>
  <suite started-at="2022-03-24T13:24:43 IST" name="Suite" finished-at="2022-03-24T13:25:01 IST" duration-ms="17839">
    <groups>
    </groups>
    <test started-at="2022-03-24T13:24:43 IST" name="Test" finished-at="2022-03-24T13:25:01 IST" duration-ms="17839">
      <class name="mavenforjenkins.UITests">
        <test-method signature="startBrowser()[pri:0, instance:mavenforjenkins.UITests@c0c2f8d]" started-at="2022-03-24T13:24:43 IST" name="startBrowser" finished-at="2022-03-24T13:25:01 IST" duration-ms="17758" status="PASS">
          <reporter-output>
          </reporter-output>
        </test-method> <!-- startBrowser -->
      </class> <!-- mavenforjenkins.UITests -->
    </test> <!-- Test -->
  </suite> <!-- Suite -->
</testng-results>
